Microsoft HTML Help Compiler 4.74.8702

Compiling c:\Users\Dragan\Documents\Visual Studio 2012\Projects\PKIProjekat\HTMLHelp\csh.chm


Compile time: 0 minutes, 0 seconds
3	Topics
3	Local links
0	Internet links
0	Graphics


Created c:\Users\Dragan\Documents\Visual Studio 2012\Projects\PKIProjekat\HTMLHelp\csh.chm, 11,286 bytes
Compression increased file by 8,546 bytes.
Microsoft HTML Help Compiler 4.74.8702

Compiling c:\Users\Dragan\Documents\Visual Studio 2012\Projects\PKIProjekat\HTMLHelp\csh.chm

HHC5010: Error: Cannot open "c:\Users\Dragan\Documents\Visual Studio 2012\Projects\PKIProjekat\HTMLHelp\csh.chm". Compilation stopped.

Compile time: 0 minutes, 8 seconds
4	Topics
4	Local links
0	Internet links
0	Graphics


Created c:\Users\Dragan\Documents\Visual Studio 2012\Projects\PKIProjekat\HTMLHelp\csh.chm, 11,440 bytes
Compression increased file by 8,044 bytes.
Microsoft HTML Help Compiler 4.74.8702

Compiling c:\Users\Dragan\Documents\Visual Studio 2012\Projects\PKIProjekat\HTMLHelp\csh.chm


Compile time: 0 minutes, 0 seconds
4	Topics
4	Local links
0	Internet links
0	Graphics


Created c:\Users\Dragan\Documents\Visual Studio 2012\Projects\PKIProjekat\HTMLHelp\csh.chm, 11,440 bytes
Compression increased file by 8,044 bytes.
Microsoft HTML Help Compiler 4.74.8702

Compiling c:\Users\Dragan\Documents\Visual Studio 2012\Projects\PKIProjekat\HTMLHelp\csh.chm


Compile time: 0 minutes, 0 seconds
4	Topics
4	Local links
0	Internet links
0	Graphics


Created c:\Users\Dragan\Documents\Visual Studio 2012\Projects\PKIProjekat\HTMLHelp\csh.chm, 11,448 bytes
Compression increased file by 8,033 bytes.
Microsoft HTML Help Compiler 4.74.8702

Compiling c:\Users\Dragan\Documents\Visual Studio 2012\Projects\PKIProjekat\HTMLHelp\csh.chm


Compile time: 0 minutes, 0 seconds
4	Topics
4	Local links
0	Internet links
0	Graphics


Created c:\Users\Dragan\Documents\Visual Studio 2012\Projects\PKIProjekat\HTMLHelp\csh.chm, 11,514 bytes
Compression increased file by 7,794 bytes.
Microsoft HTML Help Compiler 4.74.8702

Compiling c:\Users\Dragan\Documents\Visual Studio 2012\Projects\PKIProjekat\HTMLHelp\csh.chm


Compile time: 0 minutes, 0 seconds
4	Topics
4	Local links
0	Internet links
0	Graphics


Created c:\Users\Dragan\Documents\Visual Studio 2012\Projects\PKIProjekat\HTMLHelp\csh.chm, 11,514 bytes
Compression increased file by 7,794 bytes.
Microsoft HTML Help Compiler 4.74.8702

Compiling c:\Users\Dragan\Documents\Visual Studio 2012\Projects\PKIProjekat\HTMLHelp\csh.chm


Compile time: 0 minutes, 0 seconds
5	Topics
5	Local links
0	Internet links
0	Graphics


Created c:\Users\Dragan\Documents\Visual Studio 2012\Projects\PKIProjekat\HTMLHelp\csh.chm, 11,722 bytes
Compression increased file by 7,232 bytes.
Microsoft HTML Help Compiler 4.74.8702

Compiling c:\Users\Dragan\Documents\Visual Studio 2012\Projects\PKIProjekat\HTMLHelp\csh.chm


Compile time: 0 minutes, 0 seconds
5	Topics
5	Local links
0	Internet links
0	Graphics


Created c:\Users\Dragan\Documents\Visual Studio 2012\Projects\PKIProjekat\HTMLHelp\csh.chm, 11,712 bytes
Compression increased file by 7,222 bytes.
Microsoft HTML Help Compiler 4.74.8702

Compiling c:\Users\Dragan\Documents\Visual Studio 2012\Projects\PKIProjekat\HTMLHelp\csh.chm


Compile time: 0 minutes, 0 seconds
5	Topics
5	Local links
0	Internet links
0	Graphics


Created c:\Users\Dragan\Documents\Visual Studio 2012\Projects\PKIProjekat\HTMLHelp\csh.chm, 11,760 bytes
Compression increased file by 7,151 bytes.
Microsoft HTML Help Compiler 4.74.8702

Compiling c:\Users\Dragan\Documents\Visual Studio 2012\Projects\PKIProjekat\HTMLHelp\csh.chm


Compile time: 0 minutes, 0 seconds
5	Topics
5	Local links
0	Internet links
0	Graphics


Created c:\Users\Dragan\Documents\Visual Studio 2012\Projects\PKIProjekat\HTMLHelp\csh.chm, 11,760 bytes
Compression increased file by 7,151 bytes.
Microsoft HTML Help Compiler 4.74.8702

Compiling c:\Users\Dragan\Documents\Visual Studio 2012\Projects\PKIProjekat\HTMLHelp\csh.chm


Compile time: 0 minutes, 0 seconds
7	Topics
7	Local links
0	Internet links
0	Graphics


Created c:\Users\Dragan\Documents\Visual Studio 2012\Projects\PKIProjekat\HTMLHelp\csh.chm, 11,936 bytes
Compression increased file by 6,220 bytes.
Microsoft HTML Help Compiler 4.74.8702

Compiling c:\Users\Dragan\Documents\Visual Studio 2012\Projects\PKIProjekat\HTMLHelp\csh.chm


Compile time: 0 minutes, 1 second
7	Topics
7	Local links
0	Internet links
0	Graphics


Created c:\Users\Dragan\Documents\Visual Studio 2012\Projects\PKIProjekat\HTMLHelp\csh.chm, 11,932 bytes
Compression increased file by 6,216 bytes.
Microsoft HTML Help Compiler 4.74.8702

Compiling c:\Users\Dragan\Documents\Visual Studio 2012\Projects\PKIProjekat\HTMLHelp\csh.chm


Compile time: 0 minutes, 0 seconds
8	Topics
8	Local links
0	Internet links
0	Graphics


Created c:\Users\Dragan\Documents\Visual Studio 2012\Projects\PKIProjekat\HTMLHelp\csh.chm, 12,106 bytes
Compression increased file by 5,664 bytes.
Microsoft HTML Help Compiler 4.74.8702

Compiling c:\Users\Dragan\Documents\Visual Studio 2012\Projects\PKIProjekat\HTMLHelp\csh.chm


Compile time: 0 minutes, 0 seconds
8	Topics
8	Local links
0	Internet links
0	Graphics


Created c:\Users\Dragan\Documents\Visual Studio 2012\Projects\PKIProjekat\HTMLHelp\csh.chm, 12,108 bytes
Compression increased file by 5,666 bytes.
